[04:38:43] [INIT] KubeJS 2001.6.5-build.16; MC 2001 forge
[04:38:43] [INIT] Loaded plugins:
[04:38:43] [INIT] - dev.latvian.mods.kubejs.forge.BuiltinKubeJSForgePlugin
[04:38:43] [INIT] - net.threetag.palladium.compat.kubejs.PalladiumKubeJSPlugin
[04:38:43] [INIT] - com.jesz.createdieselgenerators.compat.kubejs.CDGKubeJSPlugin
[04:38:43] [INIT] - com.tom.createores.kubejs.KubeJSExcavation
[04:38:45] [INFO] example.js#5: Hello, World! (Loaded startup scripts)
[04:38:45] [INFO] Loaded script startup_scripts:example.js in 0.113 s
[04:38:45] [INFO] Loaded script addonpack_p_sing:kubejs_scripts/wall_climb_move_condition.js in 0.024 s
[04:38:45] [INFO] Loaded script addonpack_p_sing:kubejs_scripts/wall_climb_condition.js in 0.001 s
[04:38:45] [INFO] addonpack_p_sing:kubejs_scripts/wall_climb.js#1: Loaded Java class 'net.minecraft.world.level.ClipContext'
[04:38:45] [INFO] addonpack_p_sing:kubejs_scripts/wall_climb.js#26: Loaded Java class 'net.minecraft.network.protocol.game.ClientboundSetEntityMotionPacket'
[04:38:45] [INFO] Loaded script addonpack_p_sing:kubejs_scripts/wall_climb.js in 0.038 s
[04:38:45] [INFO] Loaded script addonpack_p_sing:kubejs_scripts/uuid_lock.js in 0.001 s
[04:38:45] [INFO] Loaded script addonpack_p_sing:kubejs_scripts/telekinesis_throw.js in 0.003 s
[04:38:45] [INFO] Loaded script addonpack_p_sing:kubejs_scripts/telekinesis.js in 0.009 s
[04:38:45] [INFO] Loaded script addonpack_p_sing:kubejs_scripts/speed_increase.js in 0.007 s
[04:38:45] [INFO] Loaded script addonpack_p_sing:kubejs_scripts/spectrum.js in 0.002 s
[04:38:45] [INFO] Loaded script addonpack_p_sing:kubejs_scripts/soul_snatch.js in 0.001 s
[04:38:45] [INFO] Loaded script addonpack_p_sing:kubejs_scripts/slow_hunger.js in 0.005 s
[04:38:45] [INFO] Loaded script addonpack_p_sing:kubejs_scripts/shutdown.js in 0.002 s
[04:38:45] [INFO] Loaded script addonpack_p_sing:kubejs_scripts/shocked.js in 0.0 s
[04:38:45] [INFO] Loaded script addonpack_p_sing:kubejs_scripts/shadow_brand.js in 0.001 s
[04:38:45] [INFO] Loaded script addonpack_p_sing:kubejs_scripts/screen_shake.js in 0.004 s
[04:38:45] [INFO] Loaded script addonpack_p_sing:kubejs_scripts/power_detection.js in 0.006 s
[04:38:45] [INFO] Loaded script addonpack_p_sing:kubejs_scripts/particle_shield.js in 0.004 s
[04:38:45] [INFO] Loaded script addonpack_p_sing:kubejs_scripts/motion.js in 0.001 s
[04:38:45] [INFO] Loaded script addonpack_p_sing:kubejs_scripts/molecule_unstable.js in 0.001 s
[04:38:45] [INFO] Loaded script addonpack_p_sing:kubejs_scripts/frozen.js in 0.008 s
[04:38:45] [INFO] Loaded script addonpack_p_sing:kubejs_scripts/fear.js in 0.001 s
[04:38:45] [INFO] Loaded script addonpack_p_sing:kubejs_scripts/explosion.js in 0.001 s
[04:38:45] [INFO] Loaded script addonpack_p_sing:kubejs_scripts/exhausted.js in 0.01 s
[04:38:45] [INFO] Loaded script addonpack_p_sing:kubejs_scripts/disorientated.js in 0.001 s
[04:38:45] [INFO] Loaded script addonpack_p_sing:kubejs_scripts/dark_marked.js in 0.001 s
[04:38:45] [INFO] Loaded script addonpack_p_sing:kubejs_scripts/dampened.js in 0.004 s
[04:38:45] [INFO] Loaded script addonpack_p_sing:kubejs_scripts/bubbled.js in 0.0 s
[04:38:45] [INFO] Loaded script addonpack_p_sing:kubejs_scripts/barrier_shield.js in 0.0 s
[04:38:45] [INFO] Loaded script addonpack_p_sing:kubejs_scripts/aura_cancelled.js in 0.001 s
[04:38:45] [INFO] Loaded script addonpack_p_sing:kubejs_scripts/aoe_knockback.js in 0.009 s
[04:38:45] [INFO] Loaded script addonpack_p_sing:kubejs_scripts/aoe_damage_once.js in 0.002 s
[04:38:45] [INFO] Loaded script addonpack_p_sing:kubejs_scripts/aoe_damage.js in 0.013 s
[04:38:45] [INFO] Loaded script addonpack_potentia:kubejs_scripts/get_special_power_start.js in 0.037 s
[04:38:45] [INFO] Loaded script addonpack_potentia:kubejs_scripts/remove_special_power.js in 0.022 s
[04:38:45] [INFO] Loaded script addonpack_potentia:kubejs_scripts/get_weakness_3.js in 0.007 s
[04:38:45] [INFO] Loaded script addonpack_potentia:kubejs_scripts/effects/temporalis_illness.js in 0.0 s
[04:38:45] [INFO] Loaded script addonpack_potentia:kubejs_scripts/effects/electromagnetic_pulse.js in 0.0 s
[04:38:45] [INFO] Loaded script addonpack_potentia:kubejs_scripts/effects/genetic_destabilizer.js in 0.011 s
[04:38:45] [INFO] Loaded script addonpack_potentia:kubejs_scripts/effects/temporalis_withering.js in 0.0 s
[04:38:45] [INFO] Loaded script addonpack_potentia:kubejs_scripts/effects/temporalis_sickness.js in 0.001 s
[04:38:45] [INFO] Loaded script addonpack_potentia:kubejs_scripts/effects/cellular_stress.js in 0.0 s
[04:38:45] [INFO] Loaded script addonpack_potentia:kubejs_scripts/effects/temporalis.js in 0.001 s
[04:38:45] [INFO] Loaded script addonpack_potentia:kubejs_scripts/get_genetic_defect.js in 0.008 s
[04:38:45] [INFO] Loaded script addonpack_potentia:kubejs_scripts/generic/strength_damage_aoe.js in 0.001 s
[04:38:45] [INFO] Loaded script addonpack_potentia:kubejs_scripts/generic/command_raytrace.js in 0.007 s
[04:38:45] [INFO] Loaded script addonpack_potentia:kubejs_scripts/generic/strength_damage.js in 0.001 s
[04:38:45] [INFO] Loaded script addonpack_potentia:kubejs_scripts/generic/portal_elemental.js in 0.0 s
[04:38:45] [INFO] Loaded script addonpack_potentia:kubejs_scripts/generic/spatial_portal_summon.js in 0.003 s
[04:38:45] [INFO] Loaded script addonpack_potentia:kubejs_scripts/generic/dimension_rift_set.js in 0.001 s
[04:38:45] [INFO] Loaded script addonpack_potentia:kubejs_scripts/generic/spatial_portal_set.js in 0.0 s
[04:38:45] [INFO] Loaded script addonpack_potentia:kubejs_scripts/generic/command_at_block_tag.js in 0.0 s
[04:38:45] [INFO] Loaded script addonpack_potentia:kubejs_scripts/generic/time_remnant.js in 0.009 s
[04:38:45] [INFO] Loaded script addonpack_potentia:kubejs_scripts/generic/portal_shield.js in 0.001 s
[04:38:45] [INFO] Loaded script addonpack_potentia:kubejs_scripts/generic/dynamic_leap.js in 0.001 s
[04:38:45] [INFO] Loaded script addonpack_potentia:kubejs_scripts/generic/steal_item_in_hands.js in 0.001 s
[04:38:45] [INFO] Loaded script addonpack_potentia:kubejs_scripts/generic/teleport.js in 0.004 s
[04:38:45] [INFO] Loaded script addonpack_potentia:kubejs_scripts/generic/teleport_entangeled_single_particle.js in 0.008 s
[04:38:45] [INFO] Loaded script addonpack_potentia:kubejs_scripts/generic/durability_drain.js in 0.001 s
[04:38:45] [INFO] Loaded script addonpack_potentia:kubejs_scripts/generic/teleport_entangeled.js in 0.002 s
[04:38:45] [INFO] Loaded script addonpack_potentia:kubejs_scripts/generic/handitem_steal_tag.js in 0.001 s
[04:38:45] [INFO] Loaded script addonpack_potentia:kubejs_scripts/generic/dimension_rift_teleport.js in 0.006 s
[04:38:45] [INFO] Loaded script addonpack_potentia:kubejs_scripts/conditions/weapon_in_hand.js in 0.0 s
[04:38:45] [INFO] Loaded script addonpack_potentia:kubejs_scripts/conditions/gold_in_hand.js in 0.0 s
[04:38:45] [INFO] Loaded script addonpack_potentia:kubejs_scripts/conditions/item_tag_in_slot.js in 0.001 s
[04:38:45] [INFO] Loaded script addonpack_potentia:kubejs_scripts/conditions/food_level.js in 0.001 s
[04:38:45] [INFO] Loaded script addonpack_potentia:kubejs_scripts/conditions/attribute_value.js in 0.001 s
[04:38:45] [INFO] Loaded script addonpack_potentia:kubejs_scripts/conditions/open_sky.js in 0.001 s
[04:38:45] [INFO] Loaded script addonpack_potentia:kubejs_scripts/get_weakness_1.js in 0.003 s
[04:38:45] [INFO] Loaded script addonpack_potentia:kubejs_scripts/get_weakness_2.js in 0.002 s
[04:38:45] [INFO] Loaded script addonpack_potentia:kubejs_scripts/serums/potentia_v.js in 0.0 s
[04:38:45] [INFO] Loaded script addonpack_potentia:kubejs_scripts/serums/debilis_b.js in 0.0 s
[04:38:45] [INFO] Loaded script addonpack_potentia:kubejs_scripts/serums/potentia_omicron.js in 0.001 s
[04:38:45] [INFO] Loaded script addonpack_potentia:kubejs_scripts/serums/potentia_prototype.js in 0.0 s
[04:38:45] [INFO] Loaded script addonpack_potentia:kubejs_scripts/serums/potentia_complete.js in 0.0 s
[04:38:45] [INFO] Loaded script addonpack_potentia:kubejs_scripts/serums/potentia_x.js in 0.0 s
[04:38:45] [INFO] Loaded script addonpack_potentia:kubejs_scripts/serums/potentia_gamma.js in 0.0 s
[04:38:45] [INFO] Loaded script addonpack_potentia:kubejs_scripts/serums/debilis_a.js in 0.001 s
[04:38:45] [INFO] Loaded script addonpack_potentia:kubejs_scripts/serums/potentia_delta.js in 0.005 s
[04:38:45] [INFO] Loaded script addonpack_potentia:kubejs_scripts/serums/potentia_beta.js in 0.0 s
[04:38:45] [INFO] Loaded script addonpack_potentia:kubejs_scripts/serums/debilis_c.js in 0.0 s
[04:38:45] [INFO] Loaded script addonpack_potentia:kubejs_scripts/serums/potentia_alpha.js in 0.007 s
[04:38:45] [INFO] Loaded script addonpack_potentia:kubejs_scripts/serums/potentia_omega.js in 0.001 s
[04:38:45] [INFO] Loaded script addonpack_potentia:kubejs_scripts/special_power/magnetokinesis/metal_telekinesis.js in 0.008 s
[04:38:45] [INFO] Loaded script addonpack_potentia:kubejs_scripts/special_power/telepathy/telepathy_submission.js in 0.001 s
[04:38:45] [INFO] Loaded script addonpack_potentia:kubejs_scripts/special_power/telepathy/experience_transfer.js in 0.0 s
[04:38:45] [INFO] Loaded script addonpack_potentia:kubejs_scripts/special_power/umbrakinesis/shadow_tendril.js in 0.001 s
[04:38:45] [INFO] Loaded script addonpack_potentia:kubejs_scripts/special_power/umbrakinesis/shadow_strider.js in 0.004 s
[04:38:45] [INFO] Loaded script addonpack_potentia:kubejs_scripts/switch_special_power_3.js in 0.0 s
[04:38:45] [INFO] Loaded script addonpack_potentia:kubejs_scripts/switch_special_power_2.js in 0.0 s
[04:38:45] [INFO] Loaded script addonpack_potentia:kubejs_scripts/dynamic_attributes.js in 0.012 s
[04:38:45] [INFO] Loaded script addonpack_potentia:kubejs_scripts/switch_special_power_1.js in 0.0 s
[04:38:45] [INFO] Loaded script addonpack_heroes:kubejs_scripts/wall_climb_roof_condition.js in 0.001 s
[04:38:45] [INFO] Loaded script addonpack_heroes:kubejs_scripts/wall_climb_move_condition.js in 0.001 s
[04:38:45] [INFO] Loaded script addonpack_heroes:kubejs_scripts/wall_climb_condition.js in 0.0 s
[04:38:45] [INFO] Loaded script addonpack_heroes:kubejs_scripts/wall_climb.js in 0.013 s
[04:38:45] [INFO] Loaded script addonpack_heroes:kubejs_scripts/use_genetic_blocker.js in 0.001 s
[04:38:45] [INFO] Loaded script addonpack_heroes:kubejs_scripts/stone_stat_index.js in 0.009 s
[04:38:45] [INFO] Loaded script addonpack_heroes:kubejs_scripts/stone_index.js in 0.001 s
[04:38:45] [INFO] Loaded script addonpack_heroes:kubejs_scripts/stockpile_debuffs.js in 0.002 s
[04:38:45] [INFO] Loaded script addonpack_heroes:kubejs_scripts/stockpile_ability.js in 0.022 s
[04:38:45] [INFO] Loaded script addonpack_heroes:kubejs_scripts/stat_ability.js in 0.001 s
[04:38:45] [INFO] Loaded script addonpack_heroes:kubejs_scripts/speed_auto_attack.js in 0.0 s
[04:38:45] [INFO] Loaded script addonpack_heroes:kubejs_scripts/spatial_repair_damage.js in 0.029 s
[04:38:45] [INFO] Loaded script addonpack_heroes:kubejs_scripts/spatial_armaments_weapon.js in 0.002 s
[04:38:45] [INFO] Loaded script addonpack_heroes:kubejs_scripts/spatial_armaments_cycle.js in 0.003 s
[04:38:45] [INFO] Loaded script addonpack_heroes:kubejs_scripts/spatial_armaments.js in 0.002 s
[04:38:45] [INFO] Loaded script addonpack_heroes:kubejs_scripts/shanti_virus_improved.js in 0.012 s
[04:38:45] [INFO] Loaded script addonpack_heroes:kubejs_scripts/shanti_virus.js in 0.001 s
[04:38:45] [INFO] Loaded script addonpack_heroes:kubejs_scripts/replication.js in 0.001 s
[04:38:45] [INFO] Loaded script addonpack_heroes:kubejs_scripts/radiation.js in 0.001 s
[04:38:45] [INFO] Loaded script addonpack_heroes:kubejs_scripts/punch_radius_damage.js in 0.001 s
[04:38:45] [INFO] Loaded script addonpack_heroes:kubejs_scripts/power_score_reset.js in 0.002 s
[04:38:45] [INFO] Loaded script addonpack_heroes:kubejs_scripts/pocket_storage.js in 0.001 s
[04:38:45] [INFO] Loaded script addonpack_heroes:kubejs_scripts/pocket_shift.js in 0.001 s
[04:38:45] [INFO] Loaded script addonpack_heroes:kubejs_scripts/pocket_reality_end.js in 0.001 s
[04:38:45] [INFO] Loaded script addonpack_heroes:kubejs_scripts/pocket_reality_domain_water.js in 0.001 s
[04:38:45] [INFO] Loaded script addonpack_heroes:kubejs_scripts/pocket_reality_domain_lava.js in 0.0 s
[04:38:45] [INFO] Loaded script addonpack_heroes:kubejs_scripts/pocket_reality_domain.js in 0.001 s
[04:38:45] [INFO] Loaded script addonpack_heroes:kubejs_scripts/pocket_reality.js in 0.003 s
[04:38:45] [INFO] Loaded script addonpack_heroes:kubejs_scripts/pocket_eject.js in 0.001 s
[04:38:45] [INFO] Loaded script addonpack_heroes:kubejs_scripts/overload_condition.js in 0.0 s
[04:38:45] [INFO] Loaded script addonpack_heroes:kubejs_scripts/ocular_tags.js in 0.001 s
[04:38:45] [INFO] Loaded script addonpack_heroes:kubejs_scripts/ocular_emulate.js in 0.001 s
[04:38:45] [INFO] Loaded script addonpack_heroes:kubejs_scripts/motion_abil_score.js in 0.001 s
[04:38:45] [INFO] Loaded script addonpack_heroes:kubejs_scripts/motion_abil.js in 0.001 s
[04:38:45] [INFO] Loaded script addonpack_heroes:kubejs_scripts/main_hand_condition.js in 0.0 s
[04:38:45] [INFO] Loaded script addonpack_heroes:kubejs_scripts/intuitive_replication.js in 0.003 s
[04:38:45] [INFO] Loaded script addonpack_heroes:kubejs_scripts/intuitive_copy.js in 0.004 s
[04:38:45] [INFO] Loaded script addonpack_heroes:kubejs_scripts/infinity.js in 0.006 s
[04:38:45] [INFO] Loaded script addonpack_heroes:kubejs_scripts/in_pocket_condition.js in 0.001 s
[04:38:45] [INFO] Loaded script addonpack_heroes:kubejs_scripts/in__domain_pocket_condition.js in 0.001 s
[04:38:45] [INFO] Loaded script addonpack_heroes:kubejs_scripts/has_abilities_condition.js in 0.003 s
[04:38:45] [INFO] Loaded script addonpack_heroes:kubejs_scripts/geo_armor_stats.js in 0.001 s
[04:38:45] [INFO] Loaded script addonpack_heroes:kubejs_scripts/geo_armor_reset.js in 0.001 s
[04:38:45] [INFO] Loaded script addonpack_heroes:kubejs_scripts/geo_armor_ability.js in 0.003 s
[04:38:45] [INFO] Loaded script addonpack_heroes:kubejs_scripts/genetic_test.js in 0.012 s
[04:38:45] [INFO] Loaded script addonpack_heroes:kubejs_scripts/genetic_stability_debuffs.js in 0.001 s
[04:38:45] [INFO] Loaded script addonpack_heroes:kubejs_scripts/genetic_booster.js in 0.0 s
[04:38:45] [INFO] Loaded script addonpack_heroes:kubejs_scripts/empathic_cost.js in 0.0 s
[04:38:45] [INFO] Loaded script addonpack_heroes:kubejs_scripts/empathic_call.js in 0.002 s
[04:38:45] [INFO] Loaded script addonpack_heroes:kubejs_scripts/death_stam_remove.js in 0.001 s
[04:38:45] [INFO] Loaded script addonpack_heroes:kubejs_scripts/cycle_replication.js in 0.002 s
[04:38:45] [INFO] Loaded script addonpack_heroes:kubejs_scripts/cycle_ocular.js in 0.001 s
[04:38:45] [INFO] Loaded script addonpack_heroes:kubejs_scripts/cycle_intuitive_origin.js in 0.0 s
[04:38:45] [INFO] Loaded script addonpack_heroes:kubejs_scripts/cycle_intuitive.js in 0.003 s
[04:38:45] [INFO] Loaded script addonpack_heroes:kubejs_scripts/cycle_genetic_power.js in 0.001 s
[04:38:45] [INFO] Loaded script addonpack_heroes:kubejs_scripts/cycle_ability_empathic.js in 0.004 s
[04:38:45] [INFO] Loaded script addonpack_heroes:kubejs_scripts/cycle_ability.js in 0.003 s
[04:38:45] [INFO] Loaded script addonpack_heroes:kubejs_scripts/cryokinetic_armoury.js in 0.002 s
[04:38:45] [INFO] Loaded script addonpack_heroes:kubejs_scripts/catalyst_transfer.js in 0.004 s
[04:38:45] [INFO] Loaded script addonpack_heroes:kubejs_scripts/burning.js in 0.0 s
[04:38:45] [INFO] Loaded script addonpack_heroes:kubejs_scripts/brain_scan.js in 0.004 s
[04:38:45] [INFO] Loaded script addonpack_heroes:kubejs_scripts/brain_create.js in 0.002 s
[04:38:45] [INFO] Loaded script addonpack_heroes:kubejs_scripts/base_power_max_con.js in 0.001 s
[04:38:45] [INFO] Loaded script addonpack_heroes:kubejs_scripts/base_power.js in 0.003 s
[04:38:45] [INFO] Loaded script addonpack_heroes:kubejs_scripts/aoe_damage_proj.js in 0.001 s
[04:38:45] [INFO] Loaded script addonpack_heroes:kubejs_scripts/aoe_damage.js in 0.001 s
[04:38:45] [INFO] Loaded script addonpack_heroes:kubejs_scripts/ability_weight.js in 0.001 s
[04:38:45] [INFO] Loaded script addonpack_heroes:kubejs_scripts/ability_transfer.js in 0.002 s
[04:38:45] [INFO] Loaded script addonpack_heroes:kubejs_scripts/ability_replication.js in 0.001 s
[04:38:45] [INFO] Loaded script addonpack_heroes:kubejs_scripts/ability_removable.js in 0.001 s
[04:38:45] [INFO] Loaded script addonpack_heroes:kubejs_scripts/ability_registry.js in 0.002 s
[04:38:45] [INFO] Loaded script addonpack_heroes:kubejs_scripts/ability_randomizer.js in 0.001 s
[04:38:45] [INFO] Loaded script addonpack_heroes:kubejs_scripts/ability_index.js in 0.004 s
[04:38:46] [INFO] Loaded script addonpack_heroes:kubejs_scripts/ability_empathic.js in 0.012 s
[04:38:46] [INFO] Loaded script addonpack_heroes:kubejs_scripts/ability_absorption.js in 0.013 s
[04:38:46] [INFO] Loaded script addonpack_alienevo:kubejs_scripts/workbench.js in 0.001 s
[04:38:46] [INFO] Loaded script addonpack_alienevo:kubejs_scripts/wall_run_up.js in 0.001 s
[04:38:46] [INFO] Loaded script addonpack_alienevo:kubejs_scripts/wall_run_down.js in 0.0 s
[04:38:46] [INFO] Loaded script addonpack_alienevo:kubejs_scripts/wall_run.js in 0.001 s
[04:38:46] [INFO] Loaded script addonpack_alienevo:kubejs_scripts/wall_climb_small.js in 0.008 s
[04:38:46] [INFO] Loaded script addonpack_alienevo:kubejs_scripts/wall_climb_move_condition.js in 0.001 s
[04:38:46] [INFO] Loaded script addonpack_alienevo:kubejs_scripts/wall_climb_condition.js in 0.0 s
[04:38:46] [INFO] Loaded script addonpack_alienevo:kubejs_scripts/wall_climb.js in 0.006 s
[04:38:46] [INFO] Loaded script addonpack_alienevo:kubejs_scripts/transform.js in 0.007 s
[04:38:46] [INFO] Loaded script addonpack_alienevo:kubejs_scripts/store_armor.js in 0.003 s
[04:38:46] [INFO] Loaded script addonpack_alienevo:kubejs_scripts/stat_ability.js in 0.001 s
[04:38:46] [INFO] Loaded script addonpack_alienevo:kubejs_scripts/sounds.js in 0.001 s
[04:38:46] [INFO] Loaded script addonpack_alienevo:kubejs_scripts/secondary_uniform.js in 0.0 s
[04:38:46] [INFO] Loaded script addonpack_alienevo:kubejs_scripts/screen_shake.js in 0.001 s
[04:38:46] [INFO] Loaded script addonpack_alienevo:kubejs_scripts/quick_change_skill.js in 0.009 s
[04:38:46] [INFO] Loaded script addonpack_alienevo:kubejs_scripts/quick_change.js in 0.001 s
[04:38:46] [INFO] Loaded script addonpack_alienevo:kubejs_scripts/pyro_surf.js in 0.001 s
[04:38:46] [INFO] Loaded script addonpack_alienevo:kubejs_scripts/playlist_cycle.js in 0.003 s
[04:38:46] [INFO] Loaded script addonpack_alienevo:kubejs_scripts/omnitrix_timer.js in 0.011 s
[04:38:46] [INFO] Loaded script addonpack_alienevo:kubejs_scripts/omnitrix_cycle_animation.js in 0.001 s
[04:38:46] [INFO] Loaded script addonpack_alienevo:kubejs_scripts/omnitrix_cycle.js in 0.001 s
[04:38:46] [INFO] Loaded script addonpack_alienevo:kubejs_scripts/obtain_core_colors.js in 0.001 s
[04:38:46] [INFO] Loaded script addonpack_alienevo:kubejs_scripts/motion_water.js in 0.001 s
[04:38:46] [INFO] Loaded script addonpack_alienevo:kubejs_scripts/motion_dash.js in 0.0 s
[04:38:46] [INFO] Loaded script addonpack_alienevo:kubejs_scripts/motion.js in 0.001 s
[04:38:46] [INFO] Loaded script addonpack_alienevo:kubejs_scripts/main_uniform.js in 0.0 s
[04:38:46] [INFO] Loaded script addonpack_alienevo:kubejs_scripts/level.js in 0.001 s
[04:38:46] [INFO] Loaded script addonpack_alienevo:kubejs_scripts/is_alien.js in 0.0 s
[04:38:46] [INFO] Loaded script addonpack_alienevo:kubejs_scripts/infinity.js in 0.006 s
[04:38:46] [INFO] Loaded script addonpack_alienevo:kubejs_scripts/ice_layer.js in 0.001 s
[04:38:46] [INFO] Loaded script addonpack_alienevo:kubejs_scripts/hunger_fix.js in 0.0 s
[04:38:46] [INFO] Loaded script addonpack_alienevo:kubejs_scripts/goo_layer.js in 0.006 s
[04:38:46] [INFO] Loaded script addonpack_alienevo:kubejs_scripts/glow_crystals.js in 0.001 s
[04:38:46] [INFO] Loaded script addonpack_alienevo:kubejs_scripts/glow_color.js in 0.001 s
[04:38:46] [INFO] Loaded script addonpack_alienevo:kubejs_scripts/galvan_pod.js in 0.0 s
[04:38:46] [INFO] Loaded script addonpack_alienevo:kubejs_scripts/explosion.js in 0.001 s
[04:38:46] [INFO] Loaded script addonpack_alienevo:kubejs_scripts/entity_damage.js in 0.001 s
[04:38:46] [INFO] Loaded script addonpack_alienevo:kubejs_scripts/draganoid.js in 0.003 s
[04:38:46] [INFO] Loaded script addonpack_alienevo:kubejs_scripts/directional_damage.js in 0.004 s
[04:38:46] [INFO] addonpack_alienevo:kubejs_scripts/diamond_spikes.js#1: Loaded Java class 'net.minecraft.world.level.block.AmethystClusterBlock'
[04:38:46] [INFO] addonpack_alienevo:kubejs_scripts/diamond_spikes.js#2: Loaded Java class 'net.minecraft.world.level.block.state.BlockBehaviour$Properties'
[04:38:46] [INFO] addonpack_alienevo:kubejs_scripts/diamond_spikes.js#3: Loaded Java class 'net.minecraft.world.level.block.SoundType'
[04:38:46] [INFO] addonpack_alienevo:kubejs_scripts/diamond_spikes.js#4: Loaded Java class 'net.minecraft.world.item.BlockItem'
[04:38:46] [INFO] addonpack_alienevo:kubejs_scripts/diamond_spikes.js#5: Loaded Java class 'net.minecraft.world.item.Item$Properties'
[04:38:46] [INFO] Loaded script addonpack_alienevo:kubejs_scripts/diamond_spikes.js in 0.082 s
[04:38:46] [INFO] Loaded script addonpack_alienevo:kubejs_scripts/diamond_block.js in 0.003 s
[04:38:46] [INFO] Loaded script addonpack_alienevo:kubejs_scripts/detransform.js in 0.003 s
[04:38:46] [INFO] Loaded script addonpack_alienevo:kubejs_scripts/decouple.js in 0.027 s
[04:38:46] [INFO] Loaded script addonpack_alienevo:kubejs_scripts/damage_effect.js in 0.0 s
[04:38:46] [INFO] Loaded script addonpack_alienevo:kubejs_scripts/cycle_sounds.js in 0.001 s
[04:38:46] [INFO] Loaded script addonpack_alienevo:kubejs_scripts/core_removal.js in 0.007 s
[04:38:46] [INFO] Loaded script addonpack_alienevo:kubejs_scripts/color_modules.js in 0.011 s
[04:38:46] [INFO] Loaded script addonpack_alienevo:kubejs_scripts/codes.js in 0.009 s
[04:38:46] [INFO] Loaded script addonpack_alienevo:kubejs_scripts/charge_leap.js in 0.001 s
[04:38:46] [INFO] Loaded script addonpack_alienevo:kubejs_scripts/blocks.js in 0.001 s
[04:38:46] [INFO] Loaded script addonpack_alienevo:kubejs_scripts/behind.js in 0.003 s
[04:38:46] [INFO] addonpack_alienevo:kubejs_scripts/astro_powers.js#1: Loaded Java class 'net.minecraft.world.phys.Vec3'
[04:38:46] [INFO] Loaded script addonpack_alienevo:kubejs_scripts/astro_powers.js in 0.013 s
[04:38:46] [INFO] Loaded script addonpack_alienevo:kubejs_scripts/alien_codex.js in 0.002 s
[04:38:46] [INFO] Loaded script addonpack_alienevo:kubejs_scripts/alienevo_color_condition.js in 0.002 s
[04:38:46] [INFO] Loaded script addonpack_afomni:kubejs_scripts/new_ice_block.js in 0.0 s
[04:38:46] [INFO] Loaded script addonpack_afomni:kubejs_scripts/leap_vax.js in 0.002 s
[04:38:46] [INFO] Loaded script addonpack_afomni:kubejs_scripts/is_mainhand.js in 0.0 s
[04:38:46] [INFO] Loaded script addonpack_afomni:kubejs_scripts/freezing_effect.js in 0.001 s
[04:38:46] [INFO] Loaded script addonpack_afomni:kubejs_scripts/chroma_leap.js in 0.0 s
[04:38:46] [INFO] Loaded script addonpack_afomni:kubejs_scripts/aoe_damage.js in 0.0 s
[04:38:46] [INFO] Loaded script addonpack_sgoc:kubejs_scripts/wet.js in 0.001 s
[04:38:46] [INFO] Loaded script addonpack_sgoc:kubejs_scripts/werewolf_infection.js in 0.0 s
[04:38:46] [INFO] Loaded script addonpack_sgoc:kubejs_scripts/weather_ult.js in 0.001 s
[04:38:46] [INFO] Loaded script addonpack_sgoc:kubejs_scripts/weather.js in 0.0 s
[04:38:46] [INFO] Loaded script addonpack_sgoc:kubejs_scripts/water_ult.js in 0.001 s
[04:38:46] [INFO] Loaded script addonpack_sgoc:kubejs_scripts/wall_climb_move_condition.js in 0.0 s
[04:38:46] [INFO] Loaded script addonpack_sgoc:kubejs_scripts/wall_climb_condition.js in 0.0 s
[04:38:46] [INFO] Loaded script addonpack_sgoc:kubejs_scripts/wall_climb.js in 0.003 s
[04:38:46] [INFO] Loaded script addonpack_sgoc:kubejs_scripts/vampire_infection.js in 0.0 s
[04:38:46] [INFO] Loaded script addonpack_sgoc:kubejs_scripts/unlimited_void.js in 0.001 s
[04:38:46] [INFO] Loaded script addonpack_sgoc:kubejs_scripts/tornado.js in 0.001 s
[04:38:46] [INFO] Loaded script addonpack_sgoc:kubejs_scripts/telekinesis.js in 0.001 s
[04:38:46] [INFO] Loaded script addonpack_sgoc:kubejs_scripts/stone_index.js in 0.004 s
[04:38:46] [INFO] Loaded script addonpack_sgoc:kubejs_scripts/stone_detection_giant.js in 0.001 s
[04:38:46] [INFO] Loaded script addonpack_sgoc:kubejs_scripts/stone_detection.js in 0.0 s
[04:38:46] [INFO] Loaded script addonpack_sgoc:kubejs_scripts/speed_increase.js in 0.001 s
[04:38:46] [INFO] Loaded script addonpack_sgoc:kubejs_scripts/slow_hunger.js in 0.0 s
[04:38:46] [INFO] Loaded script addonpack_sgoc:kubejs_scripts/sink.js in 0.001 s
[04:38:46] [INFO] Loaded script addonpack_sgoc:kubejs_scripts/shock_strong_effect.js in 0.0 s
[04:38:46] [INFO] Loaded script addonpack_sgoc:kubejs_scripts/shock_effect.js in 0.0 s
[04:38:46] [INFO] Loaded script addonpack_sgoc:kubejs_scripts/sensory_deception.js in 0.001 s
[04:38:46] [INFO] Loaded script addonpack_sgoc:kubejs_scripts/screen_shake.js in 0.001 s
[04:38:46] [INFO] Loaded script addonpack_sgoc:kubejs_scripts/reality_warp.js in 0.002 s
[04:38:46] [INFO] Loaded script addonpack_sgoc:kubejs_scripts/power_selected.js in 0.0 s
[04:38:46] [INFO] Loaded script addonpack_sgoc:kubejs_scripts/power_erasure.js in 0.001 s
[04:38:46] [INFO] Loaded script addonpack_sgoc:kubejs_scripts/polymorph_dice.js in 0.0 s
[04:38:46] [INFO] Loaded script addonpack_sgoc:kubejs_scripts/polymorph.js in 0.001 s
[04:38:46] [INFO] Loaded script addonpack_sgoc:kubejs_scripts/poison_blood.js in 0.001 s
[04:38:46] [INFO] Loaded script addonpack_sgoc:kubejs_scripts/pocket_travel.js in 0.007 s
[04:38:46] [INFO] Loaded script addonpack_sgoc:kubejs_scripts/pain_intolerance.js in 0.001 s
[04:38:46] [INFO] Loaded script addonpack_sgoc:kubejs_scripts/motion_once.js in 0.0 s
[04:38:46] [INFO] Loaded script addonpack_sgoc:kubejs_scripts/motion.js in 0.0 s
[04:38:46] [INFO] Loaded script addonpack_sgoc:kubejs_scripts/motherboard.js in 0.0 s
[04:38:46] [INFO] Loaded script addonpack_sgoc:kubejs_scripts/magma_block.js in 0.001 s
[04:38:46] [INFO] Loaded script addonpack_sgoc:kubejs_scripts/lost_eye.js in 0.0 s
[04:38:46] [INFO] Loaded script addonpack_sgoc:kubejs_scripts/item_take_damage.js in 0.001 s
[04:38:46] [INFO] Loaded script addonpack_sgoc:kubejs_scripts/ion_core.js in 0.0 s
[04:38:46] [INFO] Loaded script addonpack_sgoc:kubejs_scripts/invisible_optic_nerve.js in 0.0 s
[04:38:46] [INFO] Loaded script addonpack_sgoc:kubejs_scripts/ice_block.js in 0.001 s
[04:38:46] [INFO] Loaded script addonpack_sgoc:kubejs_scripts/golden_idol.js in 0.0 s
[04:38:46] [INFO] Loaded script addonpack_sgoc:kubejs_scripts/genie_lamp.js in 0.0 s
[04:38:46] [INFO] Loaded script addonpack_sgoc:kubejs_scripts/freeze_strong_effect.js in 0.0 s
[04:38:46] [INFO] Loaded script addonpack_sgoc:kubejs_scripts/freeze_immune.js in 0.001 s
[04:38:46] [INFO] Loaded script addonpack_sgoc:kubejs_scripts/freeze_effect.js in 0.0 s
[04:38:46] [INFO] Loaded script addonpack_sgoc:kubejs_scripts/freeze.js in 0.0 s
[04:38:46] [INFO] Loaded script addonpack_sgoc:kubejs_scripts/flash_blindness.js in 0.003 s
[04:38:46] [INFO] Loaded script addonpack_sgoc:kubejs_scripts/explosion_once.js in 0.001 s
[04:38:46] [INFO] Loaded script addonpack_sgoc:kubejs_scripts/explosion.js in 0.0 s
[04:38:46] [INFO] Loaded script addonpack_sgoc:kubejs_scripts/enderchest_ability.js in 0.001 s
[04:38:46] [INFO] Loaded script addonpack_sgoc:kubejs_scripts/electric_immunity.js in 0.0 s
[04:38:46] [INFO] Loaded script addonpack_sgoc:kubejs_scripts/effect_immun.js in 0.001 s
[04:38:46] [INFO] Loaded script addonpack_sgoc:kubejs_scripts/dna_capsule.js in 0.0 s
[04:38:46] [INFO] Loaded script addonpack_sgoc:kubejs_scripts/diamond_ult.js in 0.0 s
[04:38:46] [INFO] Loaded script addonpack_sgoc:kubejs_scripts/dash.js in 0.001 s
[04:38:46] [INFO] Loaded script addonpack_sgoc:kubejs_scripts/crimson_globe.js in 0.0 s
[04:38:46] [INFO] Loaded script addonpack_sgoc:kubejs_scripts/cold_immunity.js in 0.0 s
[04:38:46] [INFO] Loaded script addonpack_sgoc:kubejs_scripts/charge.js in 0.0 s
[04:38:46] [INFO] Loaded script addonpack_sgoc:kubejs_scripts/cellular_immortality.js in 0.006 s
[04:38:46] [INFO] Loaded script addonpack_sgoc:kubejs_scripts/celestial_codex.js in 0.0 s
[04:38:46] [INFO] Loaded script addonpack_sgoc:kubejs_scripts/brain_overload.js in 0.0 s
[04:38:46] [INFO] Loaded script addonpack_sgoc:kubejs_scripts/boil_strong_effect.js in 0.0 s
[04:38:46] [INFO] Loaded script addonpack_sgoc:kubejs_scripts/boil_effect.js in 0.0 s
[04:38:46] [INFO] Loaded script addonpack_sgoc:kubejs_scripts/big_diamond_ult.js in 0.002 s
[04:38:46] [INFO] Loaded script addonpack_sgoc:kubejs_scripts/augment.js in 0.003 s
[04:38:46] [INFO] Loaded script addonpack_sgoc:kubejs_scripts/auditory_deception_herobrine.js in 0.001 s
[04:38:46] [INFO] Loaded script addonpack_sgoc:kubejs_scripts/auditory_deception.js in 0.0 s
[04:38:46] [INFO] Loaded script addonpack_sgoc:kubejs_scripts/aoe_knockback.js in 0.002 s
[04:38:46] [INFO] Loaded script addonpack_sgoc:kubejs_scripts/aoe_damage_once.js in 0.001 s
[04:38:46] [INFO] Loaded script addonpack_sgoc:kubejs_scripts/aoe_damage.js in 0.001 s
[04:38:46] [INFO] Loaded script addonpack_sgoc:kubejs_scripts/ability_randomizer.js in 0.001 s
[04:38:46] [INFO] Loaded script addonpack_sgoc:kubejs_scripts/ability_list.js in 0.005 s
[04:38:46] [INFO] Loaded script addonpack_knights_of_britannia:kubejs_scripts/sharingan_genjutsu_illusion.js in 0.002 s
[04:38:46] [INFO] Loaded script addonpack_knights_of_britannia:kubejs_scripts/leap.js in 0.003 s
[04:38:46] [INFO] Loaded script addonpack_knights_of_britannia:kubejs_scripts/rinnegan_rekka.js in 0.005 s
[04:38:46] [INFO] Loaded script addonpack_knights_of_britannia:kubejs_scripts/super_leap.js in 0.005 s
[04:38:46] [INFO] Loaded script addonpack_knights_of_britannia:kubejs_scripts/byakugan_trigrams_8.js in 0.001 s
[04:38:46] [INFO] Loaded script addonpack_knights_of_britannia:kubejs_scripts/byakugan_trigrams_2.js in 0.001 s
[04:38:46] [INFO] Loaded script addonpack_knights_of_britannia:kubejs_scripts/sharingan_jikan_set.js in 0.001 s
[04:38:46] [INFO] Loaded script addonpack_knights_of_britannia:kubejs_scripts/shinobi_leap.js in 0.0 s
[04:38:46] [INFO] Loaded script addonpack_knights_of_britannia:kubejs_scripts/tsukuyomi_stare.js in 0.003 s
[04:38:46] [INFO] Loaded script addonpack_knights_of_britannia:kubejs_scripts/conjurer_joke.js in 0.001 s
[04:38:46] [INFO] Loaded script addonpack_knights_of_britannia:kubejs_scripts/dynamic_leap.js in 0.0 s
[04:38:46] [INFO] Loaded script addonpack_knights_of_britannia:kubejs_scripts/byakugan_trigrams_4.js in 0.0 s
[04:38:46] [INFO] Loaded script addonpack_knights_of_britannia:kubejs_scripts/shinobi_substitute.js in 0.0 s
[04:38:46] [INFO] Loaded script addonpack_knights_of_britannia:kubejs_scripts/sharingan_jikan_kill.js in 0.0 s
[04:38:46] [INFO] Loaded script addonpack_knights_of_britannia:kubejs_scripts/effect/magic_disruptor.js in 0.0 s
[04:38:46] [INFO] Loaded script addonpack_knights_of_britannia:kubejs_scripts/geass_obedience_ready.js in 0.001 s
[04:38:46] [INFO] Loaded script addonpack_knights_of_britannia:kubejs_scripts/race/goddess/randomize_goddess_eyes.js in 0.001 s
[04:38:46] [INFO] Loaded script addonpack_knights_of_britannia:kubejs_scripts/sharingan_stare_start.js in 0.001 s
[04:38:46] [INFO] Loaded script addonpack_knights_of_britannia:kubejs_scripts/geass_obedience_start.js in 0.001 s
[04:38:46] [INFO] Loaded script addonpack_knights_of_britannia:kubejs_scripts/byakugan_trigrams_16.js in 0.001 s
[04:38:46] [INFO] Loaded script addonpack_knights_of_britannia:kubejs_scripts/byakugan_position_set.js in 0.001 s
[04:38:46] [INFO] Loaded script addonpack_knights_of_britannia:kubejs_scripts/projectile_script.js in 0.001 s
[04:38:46] [INFO] Loaded script addonpack_knights_of_britannia:kubejs_scripts/sharingan_jikan_stop.js in 0.003 s
[04:38:46] [INFO] Loaded script addonpack_knights_of_britannia:kubejs_scripts/projectile_with_offset.js in 0.002 s
[04:38:46] [INFO] Loaded script addonpack_knights_of_britannia:kubejs_scripts/generic/stat_scan.js in 0.0 s
[04:38:46] [INFO] Loaded script addonpack_knights_of_britannia:kubejs_scripts/generic/mana_regen_stop.js in 0.0 s
[04:38:46] [INFO] Loaded script addonpack_knights_of_britannia:kubejs_scripts/generic/stamina_regen_stop.js in 0.002 s
[04:38:46] [INFO] Loaded script addonpack_knights_of_britannia:kubejs_scripts/generic/stat_scan_start.js in 0.003 s
[04:38:46] [INFO] Loaded script addonpack_knights_of_britannia:kubejs_scripts/byakugan_trigrams_64.js in 0.001 s
[04:38:46] [INFO] Loaded script addonpack_knights_of_britannia:kubejs_scripts/sharingan_jikan.js in 0.001 s
[04:38:46] [INFO] Loaded script addonpack_knights_of_britannia:kubejs_scripts/sharingan_stare_ready.js in 0.003 s
[04:38:46] [INFO] Loaded script addonpack_knights_of_britannia:kubejs_scripts/still_clone.js in 0.002 s
[04:38:46] [INFO] Loaded script addonpack_knights_of_britannia:kubejs_scripts/conditions/perceptive_eyes.js in 0.0 s
[04:38:46] [INFO] Loaded script addonpack_knights_of_britannia:kubejs_scripts/conditions/attribute_value.js in 0.0 s
[04:38:46] [INFO] Loaded script addonpack_knights_of_britannia:kubejs_scripts/conditions/food_level.js in 0.0 s
[04:38:46] [INFO] Loaded script addonpack_knights_of_britannia:kubejs_scripts/conditions/weapon_in_hand.js in 0.0 s
[04:38:46] [INFO] Loaded script addonpack_knights_of_britannia:kubejs_scripts/conditions/weapon_in_off_hand.js in 0.001 s
[04:38:46] [INFO] Loaded script addonpack_knights_of_britannia:kubejs_scripts/dynamic_attributes.js in 0.001 s
[04:38:46] [INFO] Loaded script addonpack_knights_of_britannia:kubejs_scripts/commit_superpower/commit_random.js in 0.004 s
[04:38:46] [INFO] Loaded script addonpack_knights_of_britannia:kubejs_scripts/commit_superpower/convert_shinobi.js in 0.003 s
[04:38:46] [INFO] Loaded script addonpack_knights_of_britannia:kubejs_scripts/commit_superpower/commit_human.js in 0.001 s
[04:38:46] [INFO] Loaded script addonpack_knights_of_britannia:kubejs_scripts/commit_superpower/commit_goddess.js in 0.0 s
[04:38:46] [INFO] Loaded script addonpack_knights_of_britannia:kubejs_scripts/commit_superpower/commit_demon.js in 0.001 s
[04:38:46] [INFO] Loaded script addonpack_knights_of_britannia:kubejs_scripts/commit_superpower/commit_giant.js in 0.004 s
[04:38:46] [INFO] Loaded script addonpack_knights_of_britannia:kubejs_scripts/commit_superpower/commit_fairy.js in 0.001 s
[04:38:46] [INFO] Loaded script addonpack_knights_of_britannia:kubejs_scripts/commit_superpower/commit_nephilim.js in 0.001 s
[04:38:46] [INFO] Loaded script addonpack_knights_of_britannia:kubejs_scripts/aoe_damage.js in 0.007 s
[04:38:46] [INFO] Loaded script addonpack_knights_of_britannia:kubejs_scripts/byakugan_trigrams_32.js in 0.0 s
[04:38:46] [INFO] Loaded script addonpack_knights_of_britannia:kubejs_scripts/lostvayne_clone.js in 0.006 s
[04:38:46] [INFO] Loaded script addonpack_knights_of_britannia:kubejs_scripts/tsukuyomi_start.js in 0.001 s
[04:38:46] [INFO] Loaded 347/347 KubeJS startup scripts in 2.346 s with 0 errors and 0 warnings
[04:38:46] [WARN] addonpack_p_sing:kubejs_scripts/particle_shield.js#12: blockBuilder.material(string) is no longer supported! Use .soundType(SoundType) and .mapColor(MapColor) instead!
[04:38:46] [WARN] addonpack_p_sing:kubejs_scripts/barrier_shield.js#12: blockBuilder.material(string) is no longer supported! Use .soundType(SoundType) and .mapColor(MapColor) instead!
[04:39:05] [INFO] addonpack_alienevo:kubejs_scripts/glow_crystals.js#3: Loaded Java class 'dev.latvian.mods.kubejs.item.custom.BasicItemJS$Builder'
